
2019-09-24 11:07:36 Successful: private/api/auth.php?type=json
2019-09-24 11:07:36 got webhook
2019-09-24 11:07:36 hash is unique
2019-09-24 11:07:36 Сделка обновлена
2019-09-24 11:07:37 Successful: api/v2/tasks
2019-09-24 11:07:37 ------------------------
2019-09-24 11:07:37 Successful: private/api/auth.php?type=json
2019-09-24 11:07:37 got webhook
2019-09-24 11:07:37 hash is unique
2019-09-24 11:07:37 Сделка обновлена
2019-09-24 11:07:38 Successful: api/v2/tasks
2019-09-24 11:07:38 ------------------------
2019-09-24 11:07:38 Successful: private/api/auth.php?type=json
2019-09-24 11:07:38 got webhook
2019-09-24 11:07:38 hash already exist
2019-09-24 11:07:38 ------------------------
2019-09-24 11:08:48 Successful: private/api/auth.php?type=json
2019-09-24 11:08:48 got webhook
2019-09-24 11:08:48 hash is unique
2019-09-24 11:08:48 Обновлен статус сделки
2019-09-24 11:08:48 Successful: private/api/auth.php?type=json
2019-09-24 11:08:48 got webhook
2019-09-24 11:08:48 hash already exist
2019-09-24 11:08:48 ------------------------
2019-09-24 11:08:49 Successful: api/v2/leads?id=8954305&entity=leads
2019-09-24 11:08:49 Successful: api/v2/contacts
2019-09-24 11:14:08 Successful: private/api/auth.php?type=json
2019-09-24 11:14:08 got webhook
2019-09-24 11:14:08 hash is unique
2019-09-24 11:14:08 Сделка обновлена
2019-09-24 11:14:08 ------------------------
2019-09-24 11:14:29 Successful: private/api/auth.php?type=json
2019-09-24 11:14:29 got webhook
2019-09-24 11:14:29 hash is unique
2019-09-24 11:14:29 Сделка добавлена
2019-09-24 11:14:31 Successful: api/v2/leads
2019-09-24 11:14:31 ------------------------
2019-09-24 11:14:32 Successful: private/api/auth.php?type=json
2019-09-24 11:14:32 got webhook
2019-09-24 11:14:32 hash is unique
2019-09-24 11:14:32 Сделка обновлена
2019-09-24 11:14:32 ------------------------
2019-09-24 11:14:56 Successful: private/api/auth.php?type=json
2019-09-24 11:14:56 got webhook
2019-09-24 11:14:56 hash is unique
2019-09-24 11:14:56 Сделка обновлена
2019-09-24 11:14:57 Successful: api/v2/tasks
2019-09-24 11:14:57 ------------------------
2019-09-24 11:14:57 Successful: private/api/auth.php?type=json
2019-09-24 11:14:57 got webhook
2019-09-24 11:14:57 hash is unique
2019-09-24 11:14:57 Сделка обновлена
2019-09-24 11:15:00 Successful: api/v2/tasks
2019-09-24 11:15:00 ------------------------
2019-09-24 11:15:33 Successful: private/api/auth.php?type=json
2019-09-24 11:15:33 got webhook
2019-09-24 11:15:33 hash is unique
2019-09-24 11:15:33 Сделка обновлена
2019-09-24 11:15:34 Successful: private/api/auth.php?type=json
2019-09-24 11:15:34 got webhook
2019-09-24 11:15:34 hash is unique
2019-09-24 11:15:34 ------------------------
2019-09-24 11:15:34 Successful: api/v2/tasks
2019-09-24 11:15:34 ------------------------
2019-09-24 11:15:48 Successful: private/api/auth.php?type=json
2019-09-24 11:15:48 got webhook
2019-09-24 11:15:48 hash is unique
2019-09-24 11:15:48 Обновлен статус сделки
2019-09-24 11:15:48 Successful: private/api/auth.php?type=json
2019-09-24 11:15:48 got webhook
2019-09-24 11:15:48 hash already exist
2019-09-24 11:15:48 ------------------------
2019-09-24 11:15:48 Successful: api/v2/leads?id=8955345&entity=leads
2019-09-24 11:15:49 Successful: api/v2/contacts
2019-09-24 11:15:51 Successful: api/v2/leads
2019-09-24 11:15:51 Successful: api/v2/tasks
2019-09-24 11:15:51 ------------------------
2019-09-24 11:15:51 Successful: private/api/auth.php?type=json
2019-09-24 11:15:51 got webhook
2019-09-24 11:15:51 hash is unique
2019-09-24 11:15:51 ------------------------
2019-09-24 11:15:51 Successful: private/api/auth.php?type=json
2019-09-24 11:15:51 got webhook
2019-09-24 11:15:51 hash is unique
2019-09-24 11:15:51 Сделка обновлена
2019-09-24 11:15:52 Successful: private/api/auth.php?type=json
2019-09-24 11:15:52 got webhook
2019-09-24 11:15:52 hash is unique
2019-09-24 11:15:52 Сделка обновлена
2019-09-24 11:15:52 Successful: api/v2/tasks
2019-09-24 11:15:52 ------------------------
2019-09-24 11:15:52 Successful: api/v2/tasks
2019-09-24 11:15:52 ------------------------
2019-09-24 11:15:52 Successful: private/api/auth.php?type=json
2019-09-24 11:15:52 got webhook
2019-09-24 11:15:52 hash already exist
2019-09-24 11:15:52 ------------------------